[debug] [2022-07-06T20:00:02.096Z] ----------------------------------------------------------------------
[debug] [2022-07-06T20:00:02.121Z] Command:       C:\Program Files\nodejs\node.exe C:\Users\adars\AppData\Roaming\npm\node_modules\firebase-tools\lib\bin\firebase.js emulators:start
[debug] [2022-07-06T20:00:02.122Z] CLI Version:   11.1.0
[debug] [2022-07-06T20:00:02.122Z] Platform:      win32
[debug] [2022-07-06T20:00:02.122Z] Node Version:  v16.13.0
[debug] [2022-07-06T20:00:02.356Z] Time:          Thu Jul 07 2022 01:30:02 GMT+0530 (India Standard Time)
[debug] [2022-07-06T20:00:02.356Z] ----------------------------------------------------------------------
[debug] 
[debug] [2022-07-06T20:00:02.372Z] >>> [apiv2][query] GET https://firebase-public.firebaseio.com/cli.json [none]
[debug] [2022-07-06T20:00:02.478Z] > command requires scopes: ["email","openid","https://www.googleapis.com/auth/cloudplatformprojects.readonly","https://www.googleapis.com/auth/firebase","https://www.googleapis.com/auth/cloud-platform"]
[debug] [2022-07-06T20:00:02.478Z] > authorizing via signed-in user (taman4846@gmail.com)
[info] i  emulators: Starting emulators: functions {"metadata":{"emulator":{"name":"hub"},"message":"Starting emulators: functions"}}
[debug] [2022-07-06T20:00:02.506Z] [hub] writing locator at C:\Users\adars\AppData\Local\Temp\hub-clone-f6b6a.json
[warn] !  functions: The following emulators are not running, calls to these services from the Functions emulator will affect production: auth, firestore, database, hosting, pubsub, storage {"metadata":{"emulator":{"name":"functions"},"message":"The following emulators are not running, calls to these services from the Functions emulator will affect production: \u001b[1mauth, firestore, database, hosting, pubsub, storage\u001b[22m"}}
[info] +  functions: Using node@16 from host. {"metadata":{"emulator":{"name":"functions"},"message":"Using node@16 from host."}}
[debug] [2022-07-06T20:00:03.631Z] defaultcredentials: writing to file C:\Users\adars\AppData\Roaming\firebase\taman4846_gmail_com_application_default_credentials.json
[debug] [2022-07-06T20:00:03.689Z] Setting GAC to C:\Users\adars\AppData\Roaming\firebase\taman4846_gmail_com_application_default_credentials.json {"metadata":{"emulator":{"name":"functions"},"message":"Setting GAC to C:\\Users\\adars\\AppData\\Roaming\\firebase\\taman4846_gmail_com_application_default_credentials.json"}}
[debug] [2022-07-06T20:00:03.690Z] > refreshing access token with scopes: []
[debug] [2022-07-06T20:00:03.691Z] >>> [apiv2][query] POST https://www.googleapis.com/oauth2/v3/token [none]
[debug] [2022-07-06T20:00:03.693Z] >>> [apiv2][body] POST https://www.googleapis.com/oauth2/v3/token [omitted]
[debug] [2022-07-06T20:00:04.029Z] <<< [apiv2][status] GET https://firebase-public.firebaseio.com/cli.json 200
[debug] [2022-07-06T20:00:04.029Z] <<< [apiv2][body] GET https://firebase-public.firebaseio.com/cli.json {"cloudBuildErrorAfter":1594252800000,"cloudBuildWarnAfter":1590019200000,"defaultNode10After":1594252800000,"minVersion":"3.0.5","node8DeploysDisabledAfter":1613390400000,"node8RuntimeDisabledAfter":1615809600000,"node8WarnAfter":1600128000000}
[debug] [2022-07-06T20:00:04.382Z] <<< [apiv2][status] POST https://www.googleapis.com/oauth2/v3/token 200
[debug] [2022-07-06T20:00:04.382Z] <<< [apiv2][body] POST https://www.googleapis.com/oauth2/v3/token [omitted]
[debug] [2022-07-06T20:00:04.764Z] >>> [apiv2][query] GET https://firebase.googleapis.com/v1beta1/projects/clone-f6b6a/adminSdkConfig [none]
[debug] [2022-07-06T20:00:05.732Z] <<< [apiv2][status] GET https://firebase.googleapis.com/v1beta1/projects/clone-f6b6a/adminSdkConfig 200
[debug] [2022-07-06T20:00:05.732Z] <<< [apiv2][body] GET https://firebase.googleapis.com/v1beta1/projects/clone-f6b6a/adminSdkConfig {"projectId":"clone-f6b6a","storageBucket":"clone-f6b6a.appspot.com","locationId":"asia-south1"}
[debug] [2022-07-06T20:00:05.821Z] Ignoring unsupported arg: auto_download {"metadata":{"emulator":{"name":"ui"},"message":"Ignoring unsupported arg: auto_download"}}
[debug] [2022-07-06T20:00:05.821Z] Ignoring unsupported arg: port {"metadata":{"emulator":{"name":"ui"},"message":"Ignoring unsupported arg: port"}}
[debug] [2022-07-06T20:00:05.821Z] Starting Emulator UI with command {"binary":"node","args":["--dns-result-order=ipv4first","C:\\Users\\adars\\.cache\\firebase\\emulators\\ui-v1.7.0\\server.bundle.js"],"optionalArgs":[],"joinArgs":false} {"metadata":{"emulator":{"name":"ui"},"message":"Starting Emulator UI with command {\"binary\":\"node\",\"args\":[\"--dns-result-order=ipv4first\",\"C:\\\\Users\\\\adars\\\\.cache\\\\firebase\\\\emulators\\\\ui-v1.7.0\\\\server.bundle.js\"],\"optionalArgs\":[],\"joinArgs\":false}"}}
[info] i  ui: Emulator UI logging to ui-debug.log {"metadata":{"emulator":{"name":"ui"},"message":"Emulator UI logging to \u001b[1mui-debug.log\u001b[22m"}}
[debug] [2022-07-06T20:00:06.053Z] Web / API server started at localhost:4000
 {"metadata":{"emulator":{"name":"ui"},"message":"Web / API server started at localhost:4000\n"}}
[info] i  functions: Watching "L:\Projects\React Js (MERN)\Amazon-Clone\amazon-clone\functions" for Cloud Functions... {"metadata":{"emulator":{"name":"functions"},"message":"Watching \"L:\\Projects\\React Js (MERN)\\Amazon-Clone\\amazon-clone\\functions\" for Cloud Functions..."}}
[debug] [2022-07-06T20:00:06.117Z] Validating nodejs source
[warn] !  functions: package.json indicates an outdated version of firebase-functions. Please upgrade using npm install --save firebase-functions@latest in your functions directory. 
[debug] [2022-07-06T20:00:23.306Z] > [functions] package.json contents: {
  "name": "functions",
  "description": "Cloud Functions for Firebase",
  "scripts": {
    "lint": "eslint .",
    "serve": "firebase emulators:start --only functions",
    "shell": "firebase functions:shell",
    "start": "npm run shell",
    "deploy": "firebase deploy --only functions",
    "logs": "firebase functions:log"
  },
  "engines": {
    "node": "16"
  },
  "main": "index.js",
  "dependencies": {
    "firebase-admin": "^10.0.2",
    "firebase-functions": "^3.18.0",
    "stripe": "^9.10.0"
  },
  "devDependencies": {
    "eslint": "^8.9.0",
    "eslint-config-google": "^0.14.0",
    "firebase-functions-test": "^0.2.0"
  },
  "private": true
}
[debug] [2022-07-06T20:00:23.306Z] Building nodejs source
[debug] [2022-07-06T20:00:23.306Z] Analyzing nodejs backend spec
[debug] [2022-07-06T20:00:23.307Z] Could not find functions.yaml. Must use http discovery
[debug] [2022-07-06T20:00:25.656Z] Serving at port 9005

[debug] [2022-07-06T20:00:27.121Z] Got response from /__/functions.yaml {"endpoints":{"api":{"platform":"gcfv1","httpsTrigger":{},"entryPoint":"api"}},"specVersion":"v1alpha1","requiredAPIs":[]}
[debug] [2022-07-06T20:00:27.130Z] shutdown requested via /__/quitquitquit

[info] +  functions[us-central1-api]: http function initialized (http://localhost:5001/clone-f6b6a/us-central1/api). {"metadata":{"emulator":{"name":"functions"},"message":"\u001b[1mhttp\u001b[22m function initialized (http://localhost:5001/clone-f6b6a/us-central1/api)."}}
[info] 
┌─────────────────────────────────────────────────────────────┐
│ ✔  All emulators ready! It is now safe to connect your app. │
│ i  View Emulator UI at http://localhost:4000                │
└─────────────────────────────────────────────────────────────┘

┌───────────┬────────────────┬─────────────────────────────────┐
│ Emulator  │ Host:Port      │ View in Emulator UI             │
├───────────┼────────────────┼─────────────────────────────────┤
│ Functions │ localhost:5001 │ http://localhost:4000/functions │
└───────────┴────────────────┴─────────────────────────────────┘
  Emulator Hub running at localhost:4400
  Other reserved ports: 4500

Issues? Report them at https://github.com/firebase/firebase-tools/issues and attach the *-debug.log files.
 
[debug] [2022-07-06T20:03:01.275Z] [work-queue] {"queueLength":1,"workRunningCount":0}
[debug] [2022-07-06T20:03:01.276Z] [work-queue] {"queueLength":0,"workRunningCount":1}
[debug] [2022-07-06T20:03:01.276Z] Accepted request GET /clone-f6b6a/us-central1/api --> us-central1-api
[debug] [2022-07-06T20:03:01.373Z] [worker-pool] addWorker(us-central1-api) {"metadata":{"emulator":{"name":"functions"},"message":"[worker-pool] addWorker(us-central1-api)"}}
[debug] [2022-07-06T20:03:01.373Z] [worker-pool] Adding worker with key us-central1-api, total=1 {"metadata":{"emulator":{"name":"functions"},"message":"[worker-pool] Adding worker with key us-central1-api, total=1"}}
[debug] [2022-07-06T20:03:01.373Z] [worker-pool] submitWork(triggerId=us-central1-api) {"metadata":{"emulator":{"name":"functions"},"message":"[worker-pool] submitWork(triggerId=us-central1-api)"}}
[debug] [2022-07-06T20:03:01.374Z] [worker-us-central1-api-bdbefb50-516f-4d65-a300-a6a139302fbf]: Assigning socketPath: \\?\pipe\L:\Projects\React Js (MERN)\Amazon-Clone\amazon-clone\functions\28920 {"metadata":{"emulator":{"name":"functions"},"message":"[worker-us-central1-api-bdbefb50-516f-4d65-a300-a6a139302fbf]: Assigning socketPath: \\\\?\\pipe\\L:\\Projects\\React Js (MERN)\\Amazon-Clone\\amazon-clone\\functions\\28920"}}
[debug] [2022-07-06T20:03:01.375Z] [worker-us-central1-api-bdbefb50-516f-4d65-a300-a6a139302fbf]: BUSY {"metadata":{"emulator":{"name":"functions"},"message":"[worker-us-central1-api-bdbefb50-516f-4d65-a300-a6a139302fbf]: BUSY"}}
[debug] [2022-07-06T20:03:04.015Z] [runtime-status] [28920] Functions runtime initialized. {"cwd":"L:\\Projects\\React Js (MERN)\\Amazon-Clone\\amazon-clone\\functions","node_version":"16.13.0"} {"metadata":{"emulator":{"name":"functions"},"function":{"name":"us-central1-api"},"extension":{},"message":"[runtime-status] [28920] Functions runtime initialized. {\"cwd\":\"L:\\\\Projects\\\\React Js (MERN)\\\\Amazon-Clone\\\\amazon-clone\\\\functions\",\"node_version\":\"16.13.0\"}"}}
[debug] [2022-07-06T20:03:04.016Z] [runtime-status] [28920] Disabled runtime features: undefined {"metadata":{"emulator":{"name":"functions"},"function":{"name":"us-central1-api"},"extension":{},"message":"[runtime-status] [28920] Disabled runtime features: undefined"}}
[debug] [2022-07-06T20:03:04.020Z] [runtime-status] [28920] Resolved module firebase-admin {"declared":true,"installed":true,"version":"10.3.0","resolution":"L:\\Projects\\React Js (MERN)\\Amazon-Clone\\amazon-clone\\functions\\node_modules\\firebase-admin\\lib\\index.js"} {"metadata":{"emulator":{"name":"functions"},"function":{"name":"us-central1-api"},"extension":{},"message":"[runtime-status] [28920] Resolved module firebase-admin {\"declared\":true,\"installed\":true,\"version\":\"10.3.0\",\"resolution\":\"L:\\\\Projects\\\\React Js (MERN)\\\\Amazon-Clone\\\\amazon-clone\\\\functions\\\\node_modules\\\\firebase-admin\\\\lib\\\\index.js\"}"}}
[debug] [2022-07-06T20:03:04.021Z] [runtime-status] [28920] Resolved module firebase-functions {"declared":true,"installed":true,"version":"3.21.2","resolution":"L:\\Projects\\React Js (MERN)\\Amazon-Clone\\amazon-clone\\functions\\node_modules\\firebase-functions\\lib\\index.js"} {"metadata":{"emulator":{"name":"functions"},"function":{"name":"us-central1-api"},"extension":{},"message":"[runtime-status] [28920] Resolved module firebase-functions {\"declared\":true,\"installed\":true,\"version\":\"3.21.2\",\"resolution\":\"L:\\\\Projects\\\\React Js (MERN)\\\\Amazon-Clone\\\\amazon-clone\\\\functions\\\\node_modules\\\\firebase-functions\\\\lib\\\\index.js\"}"}}
[debug] [2022-07-06T20:03:04.022Z] [runtime-status] [28920] Outgoing network have been stubbed. [{"name":"http","status":"mocked"},{"name":"http","status":"mocked"},{"name":"https","status":"mocked"},{"name":"https","status":"mocked"},{"name":"net","status":"mocked"}] {"metadata":{"emulator":{"name":"functions"},"function":{"name":"us-central1-api"},"extension":{},"message":"[runtime-status] [28920] Outgoing network have been stubbed. [{\"name\":\"http\",\"status\":\"mocked\"},{\"name\":\"http\",\"status\":\"mocked\"},{\"name\":\"https\",\"status\":\"mocked\"},{\"name\":\"https\",\"status\":\"mocked\"},{\"name\":\"net\",\"status\":\"mocked\"}]"}}
[debug] [2022-07-06T20:03:04.023Z] [runtime-status] [28920] Resolved module firebase-functions {"declared":true,"installed":true,"version":"3.21.2","resolution":"L:\\Projects\\React Js (MERN)\\Amazon-Clone\\amazon-clone\\functions\\node_modules\\firebase-functions\\lib\\index.js"} {"metadata":{"emulator":{"name":"functions"},"function":{"name":"us-central1-api"},"extension":{},"message":"[runtime-status] [28920] Resolved module firebase-functions {\"declared\":true,\"installed\":true,\"version\":\"3.21.2\",\"resolution\":\"L:\\\\Projects\\\\React Js (MERN)\\\\Amazon-Clone\\\\amazon-clone\\\\functions\\\\node_modules\\\\firebase-functions\\\\lib\\\\index.js\"}"}}
[debug] [2022-07-06T20:03:04.077Z] [runtime-status] [28920] Checked functions.config() {"config":{}} {"metadata":{"emulator":{"name":"functions"},"function":{"name":"us-central1-api"},"extension":{},"message":"[runtime-status] [28920] Checked functions.config() {\"config\":{}}"}}
[debug] [2022-07-06T20:03:04.077Z] [runtime-status] [28920] firebase-functions has been stubbed. {"functionsResolution":{"declared":true,"installed":true,"version":"3.21.2","resolution":"L:\\Projects\\React Js (MERN)\\Amazon-Clone\\amazon-clone\\functions\\node_modules\\firebase-functions\\lib\\index.js"}} {"metadata":{"emulator":{"name":"functions"},"function":{"name":"us-central1-api"},"extension":{},"message":"[runtime-status] [28920] firebase-functions has been stubbed. {\"functionsResolution\":{\"declared\":true,\"installed\":true,\"version\":\"3.21.2\",\"resolution\":\"L:\\\\Projects\\\\React Js (MERN)\\\\Amazon-Clone\\\\amazon-clone\\\\functions\\\\node_modules\\\\firebase-functions\\\\lib\\\\index.js\"}}"}}
[debug] [2022-07-06T20:03:04.078Z] [runtime-status] [28920] Resolved module firebase-functions {"declared":true,"installed":true,"version":"3.21.2","resolution":"L:\\Projects\\React Js (MERN)\\Amazon-Clone\\amazon-clone\\functions\\node_modules\\firebase-functions\\lib\\index.js"} {"metadata":{"emulator":{"name":"functions"},"function":{"name":"us-central1-api"},"extension":{},"message":"[runtime-status] [28920] Resolved module firebase-functions {\"declared\":true,\"installed\":true,\"version\":\"3.21.2\",\"resolution\":\"L:\\\\Projects\\\\React Js (MERN)\\\\Amazon-Clone\\\\amazon-clone\\\\functions\\\\node_modules\\\\firebase-functions\\\\lib\\\\index.js\"}"}}
[debug] [2022-07-06T20:03:04.081Z] [runtime-status] [28920] Resolved module firebase-admin {"declared":true,"installed":true,"version":"10.3.0","resolution":"L:\\Projects\\React Js (MERN)\\Amazon-Clone\\amazon-clone\\functions\\node_modules\\firebase-admin\\lib\\index.js"} {"metadata":{"emulator":{"name":"functions"},"function":{"name":"us-central1-api"},"extension":{},"message":"[runtime-status] [28920] Resolved module firebase-admin {\"declared\":true,\"installed\":true,\"version\":\"10.3.0\",\"resolution\":\"L:\\\\Projects\\\\React Js (MERN)\\\\Amazon-Clone\\\\amazon-clone\\\\functions\\\\node_modules\\\\firebase-admin\\\\lib\\\\index.js\"}"}}
[debug] [2022-07-06T20:03:04.082Z] [runtime-status] [28920] Resolved module firebase-functions {"declared":true,"installed":true,"version":"3.21.2","resolution":"L:\\Projects\\React Js (MERN)\\Amazon-Clone\\amazon-clone\\functions\\node_modules\\firebase-functions\\lib\\index.js"} {"metadata":{"emulator":{"name":"functions"},"function":{"name":"us-central1-api"},"extension":{},"message":"[runtime-status] [28920] Resolved module firebase-functions {\"declared\":true,\"installed\":true,\"version\":\"3.21.2\",\"resolution\":\"L:\\\\Projects\\\\React Js (MERN)\\\\Amazon-Clone\\\\amazon-clone\\\\functions\\\\node_modules\\\\firebase-functions\\\\lib\\\\index.js\"}"}}
[debug] [2022-07-06T20:03:04.083Z] [runtime-status] [28920] firebase-admin has been stubbed. {"adminResolution":{"declared":true,"installed":true,"version":"10.3.0","resolution":"L:\\Projects\\React Js (MERN)\\Amazon-Clone\\amazon-clone\\functions\\node_modules\\firebase-admin\\lib\\index.js"}} {"metadata":{"emulator":{"name":"functions"},"function":{"name":"us-central1-api"},"extension":{},"message":"[runtime-status] [28920] firebase-admin has been stubbed. {\"adminResolution\":{\"declared\":true,\"installed\":true,\"version\":\"10.3.0\",\"resolution\":\"L:\\\\Projects\\\\React Js (MERN)\\\\Amazon-Clone\\\\amazon-clone\\\\functions\\\\node_modules\\\\firebase-admin\\\\lib\\\\index.js\"}}"}}
[debug] [2022-07-06T20:03:04.254Z] [runtime-status] [28920] Beginning invocation function api! {"metadata":{"emulator":{"name":"functions"},"function":{"name":"us-central1-api"},"extension":{},"message":"[runtime-status] [28920] Beginning invocation function api!"}}
[info] i  functions: Beginning execution of "api" {"metadata":{"emulator":{"name":"functions"},"function":{"name":"us-central1-api"},"extension":{},"message":"Beginning execution of \"api\""}}
[debug] [2022-07-06T20:03:04.256Z] [runtime-status] [28920] Running api in signature http {"metadata":{"emulator":{"name":"functions"},"function":{"name":"us-central1-api"},"extension":{},"message":"[runtime-status] [28920] Running api in signature http"}}
[debug] [2022-07-06T20:03:04.258Z] [runtime-status] [28920] Attempting to listen to socketPath: \\?\pipe\L:\Projects\React Js (MERN)\Amazon-Clone\amazon-clone\functions\28920 {"metadata":{"emulator":{"name":"functions"},"function":{"name":"us-central1-api"},"extension":{},"message":"[runtime-status] [28920] Attempting to listen to socketPath: \\\\?\\pipe\\L:\\Projects\\React Js (MERN)\\Amazon-Clone\\amazon-clone\\functions\\28920"}}
[debug] [2022-07-06T20:03:04.268Z] [functions] Runtime ready! Sending request! {"metadata":{"emulator":{"name":"functions"},"message":"[functions] Runtime ready! Sending request!"}}
[debug] [2022-07-06T20:03:04.269Z] [functions] Got req.url=/clone-f6b6a/us-central1/api, mapping to path=/ {"metadata":{"emulator":{"name":"functions"},"message":"[functions] Got req.url=/clone-f6b6a/us-central1/api, mapping to path=/"}}
[debug] [2022-07-06T20:03:04.273Z] [runtime-status] [28920] Ephemeral server handling GET request {"metadata":{"emulator":{"name":"functions"},"function":{"name":"us-central1-api"},"extension":{},"message":"[runtime-status] [28920] Ephemeral server handling GET request"}}
[debug] [2022-07-06T20:03:04.281Z] [runtime-status] [28920] Ephemeral server survived. {"metadata":{"emulator":{"name":"functions"},"function":{"name":"us-central1-api"},"extension":{},"message":"[runtime-status] [28920] Ephemeral server survived."}}
[info] i  functions: Finished "api" in ~1s {"metadata":{"emulator":{"name":"functions"},"function":{"name":"us-central1-api"},"extension":{},"message":"Finished \"api\" in ~1s"}}
[debug] [2022-07-06T20:03:04.289Z] [worker-us-central1-api-bdbefb50-516f-4d65-a300-a6a139302fbf]: IDLE {"metadata":{"emulator":{"name":"functions"},"message":"[worker-us-central1-api-bdbefb50-516f-4d65-a300-a6a139302fbf]: IDLE"}}
[debug] [2022-07-06T20:03:04.291Z] [work-queue] {"queueLength":0,"workRunningCount":0}
[debug] [2022-07-06T20:03:06.135Z] Functions emulator received unknown request at path /favicon.ico
[debug] [2022-07-06T20:10:46.427Z] [work-queue] {"queueLength":1,"workRunningCount":0}
[debug] [2022-07-06T20:10:46.427Z] [work-queue] {"queueLength":0,"workRunningCount":1}
[debug] [2022-07-06T20:10:46.427Z] Accepted request POST /clone-f6b6a/us-central1/api/payment/create?total=500 --> us-central1-api
[debug] [2022-07-06T20:10:46.427Z] [worker-pool] submitWork(triggerId=us-central1-api) {"metadata":{"emulator":{"name":"functions"},"message":"[worker-pool] submitWork(triggerId=us-central1-api)"}}
[debug] [2022-07-06T20:10:46.427Z] [worker-us-central1-api-bdbefb50-516f-4d65-a300-a6a139302fbf]: Assigning socketPath: \\?\pipe\L:\Projects\React Js (MERN)\Amazon-Clone\amazon-clone\functions\28920 {"metadata":{"emulator":{"name":"functions"},"message":"[worker-us-central1-api-bdbefb50-516f-4d65-a300-a6a139302fbf]: Assigning socketPath: \\\\?\\pipe\\L:\\Projects\\React Js (MERN)\\Amazon-Clone\\amazon-clone\\functions\\28920"}}
[debug] [2022-07-06T20:10:46.427Z] [worker-us-central1-api-bdbefb50-516f-4d65-a300-a6a139302fbf]: BUSY {"metadata":{"emulator":{"name":"functions"},"message":"[worker-us-central1-api-bdbefb50-516f-4d65-a300-a6a139302fbf]: BUSY"}}
[debug] [2022-07-06T20:10:46.428Z] [runtime-status] [28920] Beginning invocation function api! {"metadata":{"emulator":{"name":"functions"},"function":{"name":"us-central1-api"},"extension":{},"message":"[runtime-status] [28920] Beginning invocation function api!"}}
[info] i  functions: Beginning execution of "api" {"metadata":{"emulator":{"name":"functions"},"function":{"name":"us-central1-api"},"extension":{},"message":"Beginning execution of \"api\""}}
[debug] [2022-07-06T20:10:46.429Z] [runtime-status] [28920] Running api in signature http {"metadata":{"emulator":{"name":"functions"},"function":{"name":"us-central1-api"},"extension":{},"message":"[runtime-status] [28920] Running api in signature http"}}
[debug] [2022-07-06T20:10:46.430Z] [runtime-status] [28920] Attempting to listen to socketPath: \\?\pipe\L:\Projects\React Js (MERN)\Amazon-Clone\amazon-clone\functions\28920 {"metadata":{"emulator":{"name":"functions"},"function":{"name":"us-central1-api"},"extension":{},"message":"[runtime-status] [28920] Attempting to listen to socketPath: \\\\?\\pipe\\L:\\Projects\\React Js (MERN)\\Amazon-Clone\\amazon-clone\\functions\\28920"}}
[debug] [2022-07-06T20:10:46.433Z] [functions] Runtime ready! Sending request! {"metadata":{"emulator":{"name":"functions"},"message":"[functions] Runtime ready! Sending request!"}}
[debug] [2022-07-06T20:10:46.433Z] [functions] Got req.url=/clone-f6b6a/us-central1/api/payment/create?total=500, mapping to path=/payment/create?total=500 {"metadata":{"emulator":{"name":"functions"},"message":"[functions] Got req.url=/clone-f6b6a/us-central1/api/payment/create?total=500, mapping to path=/payment/create?total=500"}}
[debug] [2022-07-06T20:10:46.436Z] [runtime-status] [28920] Ephemeral server handling POST request {"metadata":{"emulator":{"name":"functions"},"function":{"name":"us-central1-api"},"extension":{},"message":"[runtime-status] [28920] Ephemeral server handling POST request"}}
[debug] [2022-07-06T20:10:46.453Z] [runtime-status] [28920] Ephemeral server survived. {"metadata":{"emulator":{"name":"functions"},"function":{"name":"us-central1-api"},"extension":{},"message":"[runtime-status] [28920] Ephemeral server survived."}}
[info] i  functions: Finished "api" in ~1s {"metadata":{"emulator":{"name":"functions"},"function":{"name":"us-central1-api"},"extension":{},"message":"Finished \"api\" in ~1s"}}
[debug] [2022-07-06T20:10:47.711Z] [worker-us-central1-api-bdbefb50-516f-4d65-a300-a6a139302fbf]: IDLE {"metadata":{"emulator":{"name":"functions"},"message":"[worker-us-central1-api-bdbefb50-516f-4d65-a300-a6a139302fbf]: IDLE"}}
[debug] [2022-07-06T20:10:47.712Z] [work-queue] {"queueLength":0,"workRunningCount":0}
[debug] [2022-07-06T20:12:50.989Z] Received signal SIGHUP 1
